
==================================================
MODE:                   Kyber512 (k=2)
INPUT DUMMY SEED (64 bytes): 2f07cd8f75bdfb1634842bfe259ad29c77b883658dc66cbadd252d93a3ebabf1a2b8d27bd63ff86d54c5e1e2f1294ca3142e047c0460b010e9d638825902efdd
--------------------------------------------------
[245000] BAT DAU CHAY: KEYGEN (Tao Khoa)               
[163255000] THANH CONG: HOAN THANH!
[DEBUG] tb_ram[SK_BASE_WORD + sk_bytes - 1] = dd
[DEBUG] expected sk_bytes =        1632
                       KEYGEN PK (800 bytes):
  254c6c89485c32277680170d5388517bbb953ec22a17784051f790bc484ce3b8
  47db688457f53bea0cb3ed7ab8d6965b3ef20072fb50bd820d6eb432063507d2
  073592740252ac8e3114b4504831acd59dc13b8a505ab5298b3c76f0561c4b51
  bcf18b9c06224d43bd9b906401935e977526c1d9939a918f0a8286c228372ada
  296a08b9dd461fbbd6688484a4e74887b24ca67959a9c427620f88a878ebb61a
  04bdaed84c5e822968459c787a25ead2552b801a7e280ec6a285f070428e1282
  ba22c6993891ba7a0d5b29099bec1dff42b4594058bf990cdc6579f1c0383f65
  66372261afa793ac011397460030490e1d602822265ced40062a274e32274a78
  b255d70228a9666b49207f9ce62ffb6a7f0987ad1d70a598ca3a2a12900113c0
  0d699d01b83301993035c57e6d9b42d41226a6a5bda47a0d9e92ba39e201e740
  ce9a873860d583d71a69916a0a61b64e6b629d3714245cd7ae8e3090d2ba76d0
  b7a984573ec60a759eb45b1ecc0d06e91e743aba0fe927fdb0447bb248f4c470
  0cc206edb2a6b976008550c2969a987cdb132f80031e48b1d5a4b812a65694d1
  06a398245261024943bcd215298cf9433c06cea537259608c840c9aab5a3693d
  51637148c8de6888e78a05ef2121784c0ec4209261619117652ee94a7bd634ab
  46db8e03a74ccba5c248c85e81bba200c9ab8e55b7e8cb15ae149495da279c48
  7db5f7bff25c050d19b3dd97934bc12c9a25741ec16692f19fdf729de3252d18
  91a16ffc073947c8165c336fd812763644fa251d105294d1d99828596627a9a7
  b86b801dcbc656e99e504979774254675670dbdb5d002d9cf4d540b2f27e6b39
  0e0838021872328f992bab067db9a50745815dba932c090c6fc4567c0390811e
  763c8d3172a117c7c22434e01b58ee5a09ec47513285bc2805016145217935bd
  9b80bc5df5b59b065830c7332f6b402405b6c632658646a8ab354834ec1225bb
  8c7b770b3f899128ba02613ba97cb03fc6fc53c8f150ed569dffa87698f6b638
  f4536e04a5dc2c49ff382d81d16c1fe043d82a472fd50778c720f062b6a2b378
  9a329ac7cf1a5f3583e86560cdcdbedcf51e09ce6cc2b2850deb5f2a0e7a3424
                       KEYGEN SK (1632 bytes):
  ce458eac7a9ed57a0545aa0fbcd44ba6cc6d4f791909662e5022a1140b7534bc
  7615236c9b0a35ae999341531f73736613fb5ab243b17a569373b64b14a7b933
  1a0a324cbffee6c7335225a0110ad1213e4b497e95a485007c96f0fb818e6012
  c1f91a3e72b896f7b4bef3815df9ac7a4cc45bfb24644064a864c89ca8503076
  49b512b242224a0820805a9923799c16b0304a1bf88f30a15f6f08a22a108f86
  955937d59b0da55df7346870f19fad2c68cccb195468349927c53fd1cb86f64e
  19d45615d3cae24679bc9187535238a202b25b0541bec67df4039694db519789
  ca16c1c3eaa19ddef50fbc48134b3610b0445d57e48f97f48daca8c59a5279a2
  fa5f3b01495c022cdd97099bf94ff713190b48902ee47fb8420a6b54c6de4c5e
  51801582f36b874aa1fcac8eec75818611a3419c6655519e733b1399e89a32f4
  4e8912726d098064393bc4494cda3a0b5e32b80f874a2ab2c3009aa0788c2999
  5a8c01737562548d3a9a57f6732b4cd8aa00127218b29a7cd06d492032e0bb2c
  077c141bab0435b2cce627c8eebc5de5b75b007b73268494c302aaf3585e3de9
  75fa9b88f9f038e1505a79ac36709356fecb3db2fa3e1490a360e2bebd6abfc0
  d115340c3af5d2c8ea908c1178804c177d54e8a92396479f253218dbb4e60c06
  a0767080791a5ce8c17fd32ebe68a309ec8dfe837d9cd1c411aa9039d595b6ea
  60dbb90a0027275b4c8ead0cb7e8b7894a5b9b4ad2bc5e161abb88aa0a989e99
  a4739ac17ccdc6ced33682a3536a5ce72935e030549ca66eaa0aa06717f6a984
  41c6735fb05050563398aa5c287c066f504078c238c0262e445b02ab491bfa92
  39e7578668305a24772d3295040585b5f5466b94236e02021b231154abd837d6
  e951d3e69350db42a5b8b77db15a6e73c12f66738f263078681e7c40be7f1792
  5aa91012732d30e2b7399c23f4179e94908636a432809cc977f0804802252809
  42c8ec8e7bb123046bc4c82746c1f6ae9b7c31b091b59ad955725203e2030406
  466112ec63927601c4e86b4a88076bc37a3b26a2d2a63465cb4023374d434094
  254c6c89485c32277680170d5388517bbb953ec22a17784051f790bc484ce3b8
  47db688457f53bea0cb3ed7ab8d6965b3ef20072fb50bd820d6eb432063507d2
  073592740252ac8e3114b4504831acd59dc13b8a505ab5298b3c76f0561c4b51
  bcf18b9c06224d43bd9b906401935e977526c1d9939a918f0a8286c228372ada
  296a08b9dd461fbbd6688484a4e74887b24ca67959a9c427620f88a878ebb61a
  04bdaed84c5e822968459c787a25ead2552b801a7e280ec6a285f070428e1282
  ba22c6993891ba7a0d5b29099bec1dff42b4594058bf990cdc6579f1c0383f65
  66372261afa793ac011397460030490e1d602822265ced40062a274e32274a78
  b255d70228a9666b49207f9ce62ffb6a7f0987ad1d70a598ca3a2a12900113c0
  0d699d01b83301993035c57e6d9b42d41226a6a5bda47a0d9e92ba39e201e740
  ce9a873860d583d71a69916a0a61b64e6b629d3714245cd7ae8e3090d2ba76d0
  b7a984573ec60a759eb45b1ecc0d06e91e743aba0fe927fdb0447bb248f4c470
  0cc206edb2a6b976008550c2969a987cdb132f80031e48b1d5a4b812a65694d1
  06a398245261024943bcd215298cf9433c06cea537259608c840c9aab5a3693d
  51637148c8de6888e78a05ef2121784c0ec4209261619117652ee94a7bd634ab
  46db8e03a74ccba5c248c85e81bba200c9ab8e55b7e8cb15ae149495da279c48
  7db5f7bff25c050d19b3dd97934bc12c9a25741ec16692f19fdf729de3252d18
  91a16ffc073947c8165c336fd812763644fa251d105294d1d99828596627a9a7
  b86b801dcbc656e99e504979774254675670dbdb5d002d9cf4d540b2f27e6b39
  0e0838021872328f992bab067db9a50745815dba932c090c6fc4567c0390811e
  763c8d3172a117c7c22434e01b58ee5a09ec47513285bc2805016145217935bd
  9b80bc5df5b59b065830c7332f6b402405b6c632658646a8ab354834ec1225bb
  8c7b770b3f899128ba02613ba97cb03fc6fc53c8f150ed569dffa87698f6b638
  f4536e04a5dc2c49ff382d81d16c1fe043d82a472fd50778c720f062b6a2b378
  9a329ac7cf1a5f3583e86560cdcdbedcf51e09ce6cc2b2850deb5f2a0e7a3424
  50a1918afcca7925f01dcde87a93684838221c3952acd9cec1c525ad5a90d680
  a2b8d27bd63ff86d54c5e1e2f1294ca3142e047c0460b010e9d638825902efdd
--------------------------------------------------
[163405000] BAT DAU CHAY: ENCAPSULATION (Dong goi KEM)    
[410375000] THANH CONG: HOAN THANH!
               ENCAPS CIPHERTEXT (768 bytes):
  5c235a04c536a68b99efad73e23f797ba4829aa66e1951ce7ad8f5a777c7ddbe
  a8fa1edd50c57515b398bf7e392c2898ffc2b6f75b5759e66fc45d4aae61b66f
  ab57aaaa151842230029029a56c8d6def9f636ce71af6aed00887086ef94bea7
  6380d1dfa8510084c2d825982b2748263dc94abe54d8c2e757f8eac9c7bd91be
  eaa96685ab82f309de4a76620ba59c0dd5520887dbd3c65922336a708600a5e6
  5185dad360489162dca8bddbb6cf7b32627720ec3bb01c25032f17c15f1f061d
  1d2d09f24c4fc9d38423f51d6f5ed81a3b4e1dbf9ea8e307ea2601e314a275a4
  ae32e27bcc76d2a8c093fa7a7e4b7869557dbaf6e93141984fbf5ad40ee14923
  ada47fad44f307d3f345bbfcc80f410e59f37a0246fd2b8f2db263cc76d0ba61
  e16297d5a2bd71c0f811f473e7dd0c73333d10150d9177774a898e748cc14217
  a7a569db41ea1553c73d0f13c37a95695dba93c7f3b926dca93a643a7e2b27e7
  2f57803c1e661179a73a41a7672112f0ef7b51a6724317ea7fc8532d5f0b791c
  9f380a3f951374e041251f19b54ad248b833a92ec611976954e7ab09579305a1
  1d3e8814a7699bb424774ec86f6a7603e663c4249ec53927a4d5570f9b49a0a0
  b5cace1840ef50b2dae43ff51ad377a818b735a77d51064a9e358c6b0cdbffbf
  85a5f2782cfc23adf5046d4d7f3264624a61da9c72333caa070da829fad81970
  5d81c62846c5724ccfdbed402e12fd7b84ca34d795f5541f4304ac6e5776ab0e
  0084c98d05268e08305f971ae21845889af7e3b4e87b673cd714feb2a31f1aae
  a3eb077a7289a895635c1c0560e22d04d342b897fa9e89caae9344a40219651a
  dc529cba2138f702f5005ad9b00bcc26a74c267956a11f8aa04be6485d7483fa
  f4980c0d54bfc24bff103ce1b6fb684680cc1415e55206fb05d187ec5758adbc
  cd4814257c579cb71c75fb1af46155a701e366c2fdaece84f2819cc7e85f61ea
  7b2bd325ebc856c7f3064c8b93749329cdeb95dfe5906b776118ad302427b805
  c36ca552b3e54500bdc00341af7ba9dbd2fed15aca7a029b34168bc6d34d5160
            ENCAPS SHARED SECRET (32 bytes):
  85a548df1ed27657ffab439b0a263ab5d2cfb501f5aeb055a3d2b83f395bb51a
--------------------------------------------------
[410525000] BAT DAU CHAY: DECAPSULATION (Giai ma KEM)     
[770665000] THANH CONG: HOAN THANH!
            DECAPS SHARED SECRET (32 bytes):
  85a548df1ed27657ffab439b0a263ab5d2cfb501f5aeb055a3d2b83f395bb51a
==================================================

--------------------------------------------------
[770815000] MO PHONG HOAN TAT THANH CONG
- sim/tb_kyber_top.v:441: Verilog $finish
- S i m u l a t i o n   R e p o r t: Verilator 5.048 2026-04-26
- Verilator: $finish at 771us; walltime 0.264 s; speed 2.921 ms/s
- Verilator: cpu 0.264 s on 1 threads; allocated 7 MB
