%Warning: D:/CRYSTALS-Kyber/test_3/ip/zeta_values.mem:0: $readmem file not found
%Warning: D:/CRYSTALS-Kyber/test_3/ip/zeta_values_pwma.mem:0: $readmem file not found

==================================================
MODE:                   Kyber512 (k=2)
INPUT DUMMY SEED (64 bytes): 2f07cd8f75bdfb1634842bfe259ad29c77b883658dc66cbadd252d93a3ebabf1a2b8d27bd63ff86d54c5e1e2f1294ca3142e047c0460b010e9d638825902efdd
--------------------------------------------------
[245000] BAT DAU CHAY: KEYGEN (Tao Khoa)               
[163185000] THANH CONG: HOAN THANH!
[DEBUG] tb_ram[SK_BASE_WORD + sk_bytes - 1] = 50
[DEBUG] expected sk_bytes =        1632
                       KEYGEN PK (800 bytes):
  bbfa9f9fcbcc8dbb1b866a1d48a2c6e5155a541c0f50c040ebb625ac05965f22
  1fa29199f3937850b550035479453940454719487b44e8853bc545c226e9121e
  b831c36b64cb97555318846f92035d2a89cb5c98ecb1425f7550a2ea76812ac4
  f1155340e895af84499045a0e38aa853367f6fb03c5496c91b23b303856fe573
  0a59b480f1670c39762e613b097b9aa0cd2c8e7e90c2555822ae0c710a6485a0
  c700e55541064c99270688f131cb36c2953f803b5199a16d872353c8915d2b86
  2115c1a4333cff37c5691554a5d008e4aa9b3c13a1a3f238ead6989641904988
  01bc005e24cb4413a86f219586671424fd8a060680cd0936a51c1ac6182874f2
  5112a559b75688b72c2242041227e5d51a5b63350309c4a412a65874a344ba5e
  cea899f1cb5703202460d8bc6de23d7e4a83ea01bedb0bc47426801da09f2c34
  601d021626975fdf3c3fe0015a545b30fbd985295853610b28709162b8b359c4
  48cc2f734738a99ae33bce5bbb6ad1714e84418154632c63aba7ec0923ed6906
  d5885b64299d8214c5ad263a57ea961d112e2923164e96a1426023b904d0550c
  aaea35b476dc098cd259cf31a3c6692b7e393025b4ab156575625106c0fabe47
  6ca9b91c284df8cb18c4c968b799db213498a7b46249a7a6b101584b3bdf1b05
  5236528d354301f0883ef609cce13d0df854f32c5be7eba36e1871a0b0923d21
  2724473791c3452bb6bd9ad4739c5b456b2b8517119b13a32b71964359576cc9
  6b26f0746364013ecda97075bb13b0797e6c460275eaa0c4e48e07f2b8ccf1a5
  7ec338a078c9c912468a660cdb725c95c0759ef7c0ec0688ef1caded837df459
  1270d3820c6461eb53cfbdd44b5d91c38a3207d683b9e40c6a0b85c2bf93078c
  e430ec0c5671b302ab092ebe30c92ba3c37cf15815d9ce0b128114730775d4be
  85fa564b626c7cfc03b682a28c0179720421408b79fc892295bcbd7eec24cc40
  55bdd67ed1171e481a7f2c7582cbc01e5f414b3701426474759684153474c786
  2421ce7b8bad57997bd880e8048cf035241b20bcf654b26f7026dbe61bb61835
  3e631bd4090753f25a3ef16aafe0efef9ff3fa9811a558d2389e4898037c8afd
                       KEYGEN SK (1632 bytes):
  00e0cf00e0cf00e0cf00e0cf00e0cf00e0cf00e0cf00e0cf00e0cf00e0cf00e0
  cf00e0cf00e0cf00e0cf00e0cf00e0cf00e0cf00e0cf00e0cf00e0cf00e0cf00
  e0cf00e0cf00e0cf00e0cf00e0cf00e0cf00e0cf00e0cf00e0cf00e0cf00e0cf
  00e0cf00e0cf00e0cf00e0cf00e0cf00e0cf00e0cf00e0cf00e0cf00e0cf00e0
  cf00e0cf00e0cf00e0cf00e0cf00e0cf00e0cf00e0cf00e0cf00e0cf00e0cf00
  e0cf00e0cf00e0cf00e0cf00e0cf00e0cf00e0cf00e0cf00e0cf00e0cf00e0cf
  00e0cf00e0cf00e0cf00e0cf00e0cf00e0cf00e0cf00e0cf00e0cf00e0cf00e0
  cf00e0cf00e0cf00e0cf00e0cf00e0cf00e0cf00e0cf00e0cf00e0cf00e0cf00
  e0cf00e0cf00e0cf00e0cf00e0cf00e0cf00e0cf00e0cf00e0cf00e0cf00e0cf
  00e0cf00e0cf00e0cf00e0cf00e0cf00e0cf00e0cf00e0cf00e0cf00e0cf00e0
  cf00e0cf00e0cf00e0cf00e0cf00e0cf00e0cf00e0cf00e0cf00e0cf00e0cf00
  e0cf00e0cf00e0cf00e0cf00e0cf00e0cf00e0cf00e0cf00e0cf00e0cf00e0cf
  0110000110000110000110000110000110000110000110000110000110000110
  0001100001100001100001100001100001100001100001100001100001100001
  1000011000011000011000011000011000011000011000011000011000011000
  0110000110000110000110000110000110000110000110000110000110000110
  0001100001100001100001100001100001100001100001100001100001100001
  1000011000011000011000011000011000011000011000011000011000011000
  0110000110000110000110000110000110000110000110000110000110000110
  0001100001100001100001100001100001100001100001100001100001100001
  1000011000011000011000011000011000011000011000011000011000011000
  0110000110000110000110000110000110000110000110000110000110000110
  0001100001100001100001100001100001100001100001100001100001100001
  1000011000011000011000011000011000011000011000011000011000011000
  bbfa9f9fcbcc8dbb1b866a1d48a2c6e5155a541c0f50c040ebb625ac05965f22
  1fa29199f3937850b550035479453940454719487b44e8853bc545c226e9121e
  b831c36b64cb97555318846f92035d2a89cb5c98ecb1425f7550a2ea76812ac4
  f1155340e895af84499045a0e38aa853367f6fb03c5496c91b23b303856fe573
  0a59b480f1670c39762e613b097b9aa0cd2c8e7e90c2555822ae0c710a6485a0
  c700e55541064c99270688f131cb36c2953f803b5199a16d872353c8915d2b86
  2115c1a4333cff37c5691554a5d008e4aa9b3c13a1a3f238ead6989641904988
  01bc005e24cb4413a86f219586671424fd8a060680cd0936a51c1ac6182874f2
  5112a559b75688b72c2242041227e5d51a5b63350309c4a412a65874a344ba5e
  cea899f1cb5703202460d8bc6de23d7e4a83ea01bedb0bc47426801da09f2c34
  601d021626975fdf3c3fe0015a545b30fbd985295853610b28709162b8b359c4
  48cc2f734738a99ae33bce5bbb6ad1714e84418154632c63aba7ec0923ed6906
  d5885b64299d8214c5ad263a57ea961d112e2923164e96a1426023b904d0550c
  aaea35b476dc098cd259cf31a3c6692b7e393025b4ab156575625106c0fabe47
  6ca9b91c284df8cb18c4c968b799db213498a7b46249a7a6b101584b3bdf1b05
  5236528d354301f0883ef609cce13d0df854f32c5be7eba36e1871a0b0923d21
  2724473791c3452bb6bd9ad4739c5b456b2b8517119b13a32b71964359576cc9
  6b26f0746364013ecda97075bb13b0797e6c460275eaa0c4e48e07f2b8ccf1a5
  7ec338a078c9c912468a660cdb725c95c0759ef7c0ec0688ef1caded837df459
  1270d3820c6461eb53cfbdd44b5d91c38a3207d683b9e40c6a0b85c2bf93078c
  e430ec0c5671b302ab092ebe30c92ba3c37cf15815d9ce0b128114730775d4be
  85fa564b626c7cfc03b682a28c0179720421408b79fc892295bcbd7eec24cc40
  55bdd67ed1171e481a7f2c7582cbc01e5f414b3701426474759684153474c786
  2421ce7b8bad57997bd880e8048cf035241b20bcf654b26f7026dbe61bb61835
  3e631bd4090753f25a3ef16aafe0efef9ff3fa9811a558d2389e4898037c8afd
  5aa8410765c76fc4f64a1b345390adfb9f5af46859fe694d50d9da7e5b70ee62
  7244a29ab856b06aa36debc747b42b016732a6642fc91657e21cb302fb257850
--------------------------------------------------
[163335000] BAT DAU CHAY: ENCAPSULATION (Dong goi KEM)    
[410515000] THANH CONG: HOAN THANH!
               ENCAPS CIPHERTEXT (768 bytes):
  004004c0ff000000000001000000000000000000000000000000fc0f00000000
  0000000000000000010000000000fc0f0000000000c0ff000000000000000000
  00ff030000000000000000000000000000000000000004000000000000000000
  000000000000000000000000000000040000000000100000ff0310c0ff000000
  00000000000000000400000001000000000100000000ff0300c0ff0000000000
  00000000000000f03f0000000040000000000000000400000000000000000000
  00000000fc1f00000000000000000000000000000000000000004000ff030000
  000000004000000000000000fcff3f000000004000000000c0ff000000000000
  0000000000000000000000004000ffff0f400000000040000000000000000000
  00000000f03f0000001000000000000000000000000000000000000000000000
  950f0a000000000000000004000000ff03000000000000000000040000000000
  00000000000000000004f03f00000000400001fcff3f00010000000000000000
  000000f03f000004000000ff0300000000000000000000000000000000000000
  00004000ff030000000000000000ff0300000000000000000004f0ffff000000
  c0ff000000000000000000000000004000000000000000000000000000000000
  00000000000000000000000000000000000000000000000000000000000000fc
  0f000000000000000000f03f000000f03f0000041000000000000000ff030000
  00000000000000000000000004000000000000c0ff0000f03f00000000000000
  0000000000000000000000000000ff0300000000000000000000000000000000
  00000000f03f0000000000000004000000000000000000000000000000f03f00
  8e88088888808000808888080000800888080000880888008800800008008808
  8008000008880888008880080080008880888000080008088000888000000880
  8888800008888800888888888080008800000000080880080808088808888888
  8000000008000008080088088080088080088080080000088000000000088800
            ENCAPS SHARED SECRET (32 bytes):
  becfa02f4f5fc94cdf531240286fb6d00878c721bdffe0173f37ef14715d4272
--------------------------------------------------
[410665000] BAT DAU CHAY: DECAPSULATION (Giai ma KEM)     
[770945000] THANH CONG: HOAN THANH!
            DECAPS SHARED SECRET (32 bytes):
  becfa02f4f5fc94cdf531240286fb6d00878c721bdffe0173f37ef14715d4272
==================================================


==================================================
MODE:                   Kyber768 (k=3)
INPUT DUMMY SEED (64 bytes): 2f07cd8f75bdfb1634842bfe259ad29c77b883658dc66cbadd252d93a3ebabf1a2b8d27bd63ff86d54c5e1e2f1294ca3142e047c0460b010e9d638825902efdd
--------------------------------------------------
[771185000] BAT DAU CHAY: KEYGEN (Tao Khoa)               
[1051905000] THANH CONG: HOAN THANH!
[DEBUG] tb_ram[SK_BASE_WORD + sk_bytes - 1] = 50
[DEBUG] expected sk_bytes =        2400
                       KEYGEN PK (1184 bytes):
  c4b1bb52ac12102b0b93065b4e96a02d1621fd13610800292dc757f620608149
  cb592a20487819723c3a474c5449c07c479cbd3b66be70440c1cba0299d63ec0
  b1a4811c32f5550c6469886b90093461b45f9484b0742f57f44a06b87155220e
  6f05ced3871c68ec61f5f59dd569adc81ba4ab565828436fe9b736370b9bdb1c
  cf8ac952d2c3c196553258f500581071839b902b426f470497a168c359b002d0
  bb73ed0a510b34a94de901c5754d510a2d637a8e5a781a9b2b937125a5e74945
  4ccabba7291c9e022d437a6f80a02fc53317439bccf735765b711cdeb66efac6
  a98ea7588b7653a3fb53e8613994200002721a1e1744fc584d93278c98a58128
  0aa654f1ac69506ee0b013cf418cbb300142e47084a385c1109996bb48f10a20
  667b43935107bd8724de24c2a2b35c85c2cb69b633eab622c4c78f5690cae605
  a4866913ad81517b1b625360563d88a9e1386e6d9c8550ec16d31c9555db7fdf
  ab4d1c9b1e9d8b52b4104f8b11a1e675c727d61c5c3b0cd0c6610c8a1fbce669
  055bc609583ffc2834196047e1cab133ba6da6f6c7db5bbdc911a6efc89747eb
  30e57cb709925700a183bf0894205b424faccf23f8a62138b694b3bd4ab14333
  8a8815e741fb03c2043ab0bab59fce1b17d573c244f0028596c24803344bf132
  4843665f8bad3b70a2b5d89c5ae71bba699e05f58955f71d16aa198033a9bb44
  11ad76af5245c1a1123cde6aa78302064ccb2b3499c154e77b0486a5666a48f8
  636d5238b63f4058e85004489a4f9ea04383387a1077650460476fcab0b0ca37
  a6a4488fc8a14efc423120c9f651643ad758e3417941c41a584192e0ba8ed695
  2d00159afca93bcc7a2b01c78f2433cdbde4892bc51c0c982d04e5277ffb55a1
  e075f4ac461fa93e1b66149e744e4c0538a7b5a6c0864a45fc135ed3cfb9b53e
  0c87b94ee6a21a9a368e41401c1962744098bdaa00acfbca8c327303861415f1
  a8bda7cd32990b38e35465109d2487157dc66bfea70b16976feb1a9defbb6437
  a8901e89aa5fc86f2ddbcf29181aaa8cb122f724e45c5b8b582cef5b13339730
  f7e75944b6817b5c024fc4a2e5862a8768aa4427bfbb92b97bbbca0c422e4c89
  967f402e9c1533f25266bfa43cdc5a2e1b045368ba8b0e865a307c3f5eb834e9
  4600d6c291b5a948712464b77a1b7400a1d6a842ef2256b4cb756bd3237f81a1
  750ca388f3b08ba8bf0b5502f6d141827440c20c1e93eb9cdffb42dfb9c86bf4
  9e8aa8c311931b32b399c4b431be8a02ec8b35639678fc5a7937e134479c62af
  936bf3328f268759f2850946e21573cbc9ee4a10550c20e9c144c1f0155da628
  32f0c15a43c1612c7cc2ec4bbc114f83e2a240b767df883735d7a985bbcfa8a4
  c885e3a09376967041c163f0180617745dc70c6271c2d4b07ac7775cb7fa49f2
  6ac18b58b65cc847e0e59dbab4051d875139f6470f5b808e037bc395905ca730
  1a426e0e018170315823d0bc82c3a07e1790b01996abc0453e619badc90a1100
  c908507c1ad501ad412b2636959aec5518093fb69356ef026899371b01142608
  967ff9d00f060c36372219e8284296112f08b80b63b1c87d4c1b5dfb24a3cca0
  62d99e84f575c37b09c8a52381e65eeb1351063385c74f52101bf6a2f3ea2797
                       KEYGEN SK (2400 bytes):
  0100000100000100000100000100000100000100000100000100000100000100
  0001000001000001000001000001000001000001000001000001000001000001
  0000010000010000010000010000010000010000010000010000010000010000
  0100000100000100000100000100000100000100000100000100000100000100
  0001000001000001000001000001000001000001000001000001000001000001
  0000010000010000010000010000010000010000010000010000010000010000
  0100000100000100000100000100000100000100000100000100000100000100
  0001000001000001000001000001000001000001000001000001000001000001
  0000010000010000010000010000010000010000010000010000010000010000
  0100000100000100000100000100000100000100000100000100000100000100
  0001000001000001000001000001000001000001000001000001000001000001
  0000010000010000010000010000010000010000010000010000010000010000
  000d00000d00000d00000d00000d00000d00000d00000d00000d00000d00000d
  00000d00000d00000d00000d00000d00000d00000d00000d00000d00000d0000
  0d00000d00000d00000d00000d00000d00000d00000d00000d00000d00000d00
  000d00000d00000d00000d00000d00000d00000d00000d00000d00000d00000d
  00000d00000d00000d00000d00000d00000d00000d00000d00000d00000d0000
  0d00000d00000d00000d00000d00000d00000d00000d00000d00000d00000d00
  000d00000d00000d00000d00000d00000d00000d00000d00000d00000d00000d
  00000d00000d00000d00000d00000d00000d00000d00000d00000d00000d0000
  0d00000d00000d00000d00000d00000d00000d00000d00000d00000d00000d00
  000d00000d00000d00000d00000d00000d00000d00000d00000d00000d00000d
  00000d00000d00000d00000d00000d00000d00000d00000d00000d00000d0000
  0d00000d00000d00000d00000d00000d00000d00000d00000d00000d00000d00
  0000000000000000000000000000000000000000000000000000000000000000
  0000000000000000000000000000000000000000000000000000000000000000
  0000000000000000000000000000000000000000000000000000000000000000
  0000000000000000000000000000000000000000000000000000000000000000
  0000000000000000000000000000000000000000000000000000000000000000
  0000000000000000000000000000000000000000000000000000000000000000
  0000000000000000000000000000000000000000000000000000000000000000
  0000000000000000000000000000000000000000000000000000000000000000
  0000000000000000000000000000000000000000000000000000000000000000
  0000000000000000000000000000000000000000000000000000000000000000
  0000000000000000000000000000000000000000000000000000000000000000
  0000000000000000000000000000000000000000000000000000000000000000
  c4b1bb52ac12102b0b93065b4e96a02d1621fd13610800292dc757f620608149
  cb592a20487819723c3a474c5449c07c479cbd3b66be70440c1cba0299d63ec0
  b1a4811c32f5550c6469886b90093461b45f9484b0742f57f44a06b87155220e
  6f05ced3871c68ec61f5f59dd569adc81ba4ab565828436fe9b736370b9bdb1c
  cf8ac952d2c3c196553258f500581071839b902b426f470497a168c359b002d0
  bb73ed0a510b34a94de901c5754d510a2d637a8e5a781a9b2b937125a5e74945
  4ccabba7291c9e022d437a6f80a02fc53317439bccf735765b711cdeb66efac6
  a98ea7588b7653a3fb53e8613994200002721a1e1744fc584d93278c98a58128
  0aa654f1ac69506ee0b013cf418cbb300142e47084a385c1109996bb48f10a20
  667b43935107bd8724de24c2a2b35c85c2cb69b633eab622c4c78f5690cae605
  a4866913ad81517b1b625360563d88a9e1386e6d9c8550ec16d31c9555db7fdf
  ab4d1c9b1e9d8b52b4104f8b11a1e675c727d61c5c3b0cd0c6610c8a1fbce669
  055bc609583ffc2834196047e1cab133ba6da6f6c7db5bbdc911a6efc89747eb
  30e57cb709925700a183bf0894205b424faccf23f8a62138b694b3bd4ab14333
  8a8815e741fb03c2043ab0bab59fce1b17d573c244f0028596c24803344bf132
  4843665f8bad3b70a2b5d89c5ae71bba699e05f58955f71d16aa198033a9bb44
  11ad76af5245c1a1123cde6aa78302064ccb2b3499c154e77b0486a5666a48f8
  636d5238b63f4058e85004489a4f9ea04383387a1077650460476fcab0b0ca37
  a6a4488fc8a14efc423120c9f651643ad758e3417941c41a584192e0ba8ed695
  2d00159afca93bcc7a2b01c78f2433cdbde4892bc51c0c982d04e5277ffb55a1
  e075f4ac461fa93e1b66149e744e4c0538a7b5a6c0864a45fc135ed3cfb9b53e
  0c87b94ee6a21a9a368e41401c1962744098bdaa00acfbca8c327303861415f1
  a8bda7cd32990b38e35465109d2487157dc66bfea70b16976feb1a9defbb6437
  a8901e89aa5fc86f2ddbcf29181aaa8cb122f724e45c5b8b582cef5b13339730
  f7e75944b6817b5c024fc4a2e5862a8768aa4427bfbb92b97bbbca0c422e4c89
  967f402e9c1533f25266bfa43cdc5a2e1b045368ba8b0e865a307c3f5eb834e9
  4600d6c291b5a948712464b77a1b7400a1d6a842ef2256b4cb756bd3237f81a1
  750ca388f3b08ba8bf0b5502f6d141827440c20c1e93eb9cdffb42dfb9c86bf4
  9e8aa8c311931b32b399c4b431be8a02ec8b35639678fc5a7937e134479c62af
  936bf3328f268759f2850946e21573cbc9ee4a10550c20e9c144c1f0155da628
  32f0c15a43c1612c7cc2ec4bbc114f83e2a240b767df883735d7a985bbcfa8a4
  c885e3a09376967041c163f0180617745dc70c6271c2d4b07ac7775cb7fa49f2
  6ac18b58b65cc847e0e59dbab4051d875139f6470f5b808e037bc395905ca730
  1a426e0e018170315823d0bc82c3a07e1790b01996abc0453e619badc90a1100
  c908507c1ad501ad412b2636959aec5518093fb69356ef026899371b01142608
  967ff9d00f060c36372219e8284296112f08b80b63b1c87d4c1b5dfb24a3cca0
  62d99e84f575c37b09c8a52381e65eeb1351063385c74f52101bf6a2f3ea2797
  88b38e3810fb78ff53aaca7e091105b559304f5c40b314b55bc00da87d3cb2be
  7244a29ab856b06aa36debc747b42b016732a6642fc91657e21cb302fb257850
--------------------------------------------------
[1052055000] BAT DAU CHAY: ENCAPSULATION (Dong goi KEM)    
[1443035000] THANH CONG: HOAN THANH!
               ENCAPS CIPHERTEXT (1088 bytes):
  b4850740000000000000000000c0ff0000000000000000000001fc0f00000000
  0000000000000000000400000001000000000100f03f00000000000000000000
  000000f03f00ff0300000000fc0f0000000400400000000000000000f03f0000
  000000000000000000ff030000000000000000ff030000000000000000000000
  0000000000000000000000000000000000000400000000000000000000000000
  00000000000000000000ff03000000000000000000fc0f0000000010000000fc
  0f00000000000000000010000000fc0f000000000000000000f03f00000000c0
  ffffff0f000000000040000004000000000000000000000000000000f03f0000
  001000000000000000000000000000fc1f400000000000000000000000000000
  0000000400000000000000000000000000000000c0ff00000040000000000000
  90fb0900000000000000000400000000000000000000000000000000c0ffff03
  0040000000000000000000000000001000000000100000000000c0ffff030000
  0000000000000000000000000000000000000000000100000000ff0300000000
  0000c0ff000000000000000040000000f03f0000000000000000000000000000
  4000ff0300000000000000000000000000000000000000000040000000000000
  0000100000000000000000000000000000000000000000000000000000000000
  f07f000000004000000000000000000000000000f03f00000000c0ff00000000
  000000000000000000000000fc0fc0ff00000000000100f03f00000000000000
  0000000000000000000100000000000000000000000000000000000000010000
  0000000000000000000000000000000000000010000000000000000000000000
  6f7703000000000000000000000000000000400000041000000000000000ff03
  00000000000000000000000000ffff1f00000000000000000000c0ff00000040
  000000000000000010000000fc0f000000000000000004f03f00000400000000
  00f03f00ff030000000000000000000000000000000000000000000000000000
  0000000000000000001000000000100000000000000000000000000000000000
  000400000000000000000000f03f0000000000000000000000000000000000fc
  0f0000000000000000fc0f000000000000000100000000000000000000040000
  00000400000000000000000000000000000000c0ff0000000000000000000000
  0000000000000000000000000000000000c0ff00000000000004100000000000
  0000000000400000000000000000100000000000000000000000000000000000
  e988088888808000808888080000800888080000880888008800800008008808
  8008000008880888008880080080008880888000080008088000888000000880
  8888800008888800888888888080008800000000080880080808088808888888
  8000000008000008080088088080088080088080080000088000000000088800
            ENCAPS SHARED SECRET (32 bytes):
  761ffcad962d4e4fd1da7b96a4d4179c6e95a4c223f7b7c44945776f525f21b7
--------------------------------------------------
[1443185000] BAT DAU CHAY: DECAPSULATION (Giai ma KEM)     
[1990025000] THANH CONG: HOAN THANH!
            DECAPS SHARED SECRET (32 bytes):
  761ffcad962d4e4fd1da7b96a4d4179c6e95a4c223f7b7c44945776f525f21b7
==================================================


==================================================
MODE:                  Kyber1024 (k=4)
INPUT DUMMY SEED (64 bytes): 2f07cd8f75bdfb1634842bfe259ad29c77b883658dc66cbadd252d93a3ebabf1a2b8d27bd63ff86d54c5e1e2f1294ca3142e047c0460b010e9d638825902efdd
--------------------------------------------------
[1990265000] BAT DAU CHAY: KEYGEN (Tao Khoa)               
[2415845000] THANH CONG: HOAN THANH!
[DEBUG] tb_ram[SK_BASE_WORD + sk_bytes - 1] = 50
[DEBUG] expected sk_bytes =        3168
                       KEYGEN PK (1568 bytes):
  aa841eb56a6e2260135da949f97371a97abaf9a07c1d7003fab86ba0acc62a35
  1e31256acf0129aa8026460034865275685b575ebb3a1eb9a1e2a8c685f49f24
  76169f1b1c7f37813267a6ae7abf5e6304aedc8275834511885cde39a0b913af
  ed81844ec9b1771c5ca9ab978aabac1e0cbdbc82190fea09b7095b5d03885140
  70c1cc3e000736fff8c0f79813d2e0a0d319c75cd3a1f9ba1ca7f6c59211a580
  d2cc4939385056a0fad3538bb0ab8490ba20b24900e59d58664b48742d9c681e
  7e32a8a1a49ec4c7afc9a5897f2043bc06061476b531c528716c9db3aa7160e0
  171c1184baea443c13497621963ce90b4b18468fe848f5477feb0610d5c45ffb
  e1a0931924ae3c2e74c897907614d53135092677f1207377079449074918975c
  5b385fb8f162b8c4a122a6840eb16ee23493aca976db2a0736e8cf1d0230e567
  38afeb03499950af955643d0447b305ef4705ffdb10115ccbda2c6a9f2daaf13
  dcc0f2510187c39f8d5857a1b0c24ee597f57c1f71377bf717995f03bc02b670
  57bc40f2b34d0cab0b2b45b11935b16fe75c3824197af458ceda7372e96c5386
  137a770c98d666ebd918cd414fcd5205b80bc3eaa036524244aa7184ffe29935
  f42d30ca6f5359824c3873f2558d7d7329e2a3060c6caef12989461955d9abb6
  9f9a876d37a10c66650352c8efb56a65f1c739f827950676add47979fcac20d1
  a3b8300959acb9fff8c6af6920d378294710922ff75535871d6e809ab838ccb1
  fabc714c76449b4816b331feb463a992286dd55d52a366b9ba4f2aec6ecf6274
  af5308683217ab75c0b4850fc051569976c1bf36671526bbb7c925ccf08b1413
  4411eb75a4fb6a1bd46b705582ade11206b1ba5e5a4e4f040662d6a556f73372
  a93e5946199c03c705768fa2f40982146785c8ab6761c91608911e50528410a2
  d356a4c7c9b72ee6109c2125aa95a094125d1410b83f9a2ad90b315aa0a31aec
  52117a64d8b12c702248ae2a44135a8cd95b36a58a72cfd55d6df850dd170705
  d06a46638497318dd3baad784530bec4c1a46c44e4ec5b36269b015cbeb915a9
  b10a3091130bac2a91f9ec1d8454a1d24c492e5c6455b3309d150c666b628bf6
  6a4a6085d628b9f982ce6012a829b0ca0b33b43b182c34a402e62397e05a68f7
  b69eb2690dc8972dc1457f52d7bb12a7bc3a117141c9ba4efcb625c88c21420a
  de5564237439e1f8b2fb21af4281976ac8cda24860f9c84e4450a6fc69ce2b90
  163be590d7d8c5ca7c713ef2a9baf55921565b27a22ff6a3103113587a4871d5
  a5b63437c71bb5279f727f04a13ca1e155b2909192b97e8ef418a396cda2e04a
  85d579df696d121c91dcb4c9f27b4cb70739b7fa73d34500e983c2d5da45a325
  c9f28771946a2b1179299e3851490c2b0371a277f87094bc3a1cf3639ab29562
  c18a767053638c927ee53ea609a7ff4687afc0890f0bb507835a71ab230dd03b
  02f2a1b1478f33388dea1331c21076af893da20a45406a958c1531651a79aca3
  92e9b5290447611306a31ec94c255566e09521c4d52a8be985834a28a30652a2
  31314d9b5fdb5743e31544b7dc6a4888a4ced9b2dfd3b489e44ca9e897bbe626
  cf5c7cd962ca115b33cc0cb973b3955cd26c3d177613ba46d70099e2ebbeccb7
  9a9640b7fe211397cc79f8d9c7b8f6be36639290477f6b4c3bc5636fde4b8c69
  a3901d7bca81156807da304b61881e711a65f57517595b56723681128ea5bc4a
  78f4530f8039d5d974a9091412584657d724fca8abb278002fc29b9008a364c6
  690e6836df027ce7cc0bd1881038181f45fc83bf1842aa712dd464b6b4e2bc82
  9702f1c0a81ea391a5d983eb09c0d63399149886ed608cda245fe245160a3941
  c33517367227be4807dddb6288b43264d30ee268c94ab753158aa183c566f465
  4381674a36153fad8cac8c01cb5d89b6c54260c51441b7c0145db288b4e90a41
  e709f5584e64c665baba77c551307a005a68a3ab83d32fb253a132e70b023b53
  7dc79e605b7efa90471a9a00888132382a737ac64bc050ad0b3caca83458bbf5
  2dda6a1d976ca2acd59e9a261486f6b912549e850147f64085c3d793ae0425df
  79677bda3239114d6f48147e25959bd0bee7f59a5846c36213cf82276d7d8911
  aded66fc90d84dbe7438859382ea03632a58a37cb82c4222b41fdc395106558e
                       KEYGEN SK (3168 bytes):
  0210000210000210000210000210000210000210000210000210000210000210
  0002100002100002100002100002100002100002100002100002100002100002
  1000021000021000021000021000021000021000021000021000021000021000
  0210000210000210000210000210000210000210000210000210000210000210
  0002100002100002100002100002100002100002100002100002100002100002
  1000021000021000021000021000021000021000021000021000021000021000
  0210000210000210000210000210000210000210000210000210000210000210
  0002100002100002100002100002100002100002100002100002100002100002
  1000021000021000021000021000021000021000021000021000021000021000
  0210000210000210000210000210000210000210000210000210000210000210
  0002100002100002100002100002100002100002100002100002100002100002
  1000021000021000021000021000021000021000021000021000021000021000
  0000d00000d00000d00000d00000d00000d00000d00000d00000d00000d00000
  d00000d00000d00000d00000d00000d00000d00000d00000d00000d00000d000
  00d00000d00000d00000d00000d00000d00000d00000d00000d00000d00000d0
  0000d00000d00000d00000d00000d00000d00000d00000d00000d00000d00000
  d00000d00000d00000d00000d00000d00000d00000d00000d00000d00000d000
  00d00000d00000d00000d00000d00000d00000d00000d00000d00000d00000d0
  0000d00000d00000d00000d00000d00000d00000d00000d00000d00000d00000
  d00000d00000d00000d00000d00000d00000d00000d00000d00000d00000d000
  00d00000d00000d00000d00000d00000d00000d00000d00000d00000d00000d0
  0000d00000d00000d00000d00000d00000d00000d00000d00000d00000d00000
  d00000d00000d00000d00000d00000d00000d00000d00000d00000d00000d000
  00d00000d00000d00000d00000d00000d00000d00000d00000d00000d00000d0
  0010000010000010000010000010000010000010000010000010000010000010
  0000100000100000100000100000100000100000100000100000100000100000
  1000001000001000001000001000001000001000001000001000001000001000
  0010000010000010000010000010000010000010000010000010000010000010
  0000100000100000100000100000100000100000100000100000100000100000
  1000001000001000001000001000001000001000001000001000001000001000
  0010000010000010000010000010000010000010000010000010000010000010
  0000100000100000100000100000100000100000100000100000100000100000
  1000001000001000001000001000001000001000001000001000001000001000
  0010000010000010000010000010000010000010000010000010000010000010
  0000100000100000100000100000100000100000100000100000100000100000
  1000001000001000001000001000001000001000001000001000001000001000
  000d00000d00000d00000d00000d00000d00000d00000d00000d00000d00000d
  00000d00000d00000d00000d00000d00000d00000d00000d00000d00000d0000
  0d00000d00000d00000d00000d00000d00000d00000d00000d00000d00000d00
  000d00000d00000d00000d00000d00000d00000d00000d00000d00000d00000d
  00000d00000d00000d00000d00000d00000d00000d00000d00000d00000d0000
  0d00000d00000d00000d00000d00000d00000d00000d00000d00000d00000d00
  000d00000d00000d00000d00000d00000d00000d00000d00000d00000d00000d
  00000d00000d00000d00000d00000d00000d00000d00000d00000d00000d0000
  0d00000d00000d00000d00000d00000d00000d00000d00000d00000d00000d00
  000d00000d00000d00000d00000d00000d00000d00000d00000d00000d00000d
  00000d00000d00000d00000d00000d00000d00000d00000d00000d00000d0000
  0d00000d00000d00000d00000d00000d00000d00000d00000d00000d00000d00
  aa841eb56a6e2260135da949f97371a97abaf9a07c1d7003fab86ba0acc62a35
  1e31256acf0129aa8026460034865275685b575ebb3a1eb9a1e2a8c685f49f24
  76169f1b1c7f37813267a6ae7abf5e6304aedc8275834511885cde39a0b913af
  ed81844ec9b1771c5ca9ab978aabac1e0cbdbc82190fea09b7095b5d03885140
  70c1cc3e000736fff8c0f79813d2e0a0d319c75cd3a1f9ba1ca7f6c59211a580
  d2cc4939385056a0fad3538bb0ab8490ba20b24900e59d58664b48742d9c681e
  7e32a8a1a49ec4c7afc9a5897f2043bc06061476b531c528716c9db3aa7160e0
  171c1184baea443c13497621963ce90b4b18468fe848f5477feb0610d5c45ffb
  e1a0931924ae3c2e74c897907614d53135092677f1207377079449074918975c
  5b385fb8f162b8c4a122a6840eb16ee23493aca976db2a0736e8cf1d0230e567
  38afeb03499950af955643d0447b305ef4705ffdb10115ccbda2c6a9f2daaf13
  dcc0f2510187c39f8d5857a1b0c24ee597f57c1f71377bf717995f03bc02b670
  57bc40f2b34d0cab0b2b45b11935b16fe75c3824197af458ceda7372e96c5386
  137a770c98d666ebd918cd414fcd5205b80bc3eaa036524244aa7184ffe29935
  f42d30ca6f5359824c3873f2558d7d7329e2a3060c6caef12989461955d9abb6
  9f9a876d37a10c66650352c8efb56a65f1c739f827950676add47979fcac20d1
  a3b8300959acb9fff8c6af6920d378294710922ff75535871d6e809ab838ccb1
  fabc714c76449b4816b331feb463a992286dd55d52a366b9ba4f2aec6ecf6274
  af5308683217ab75c0b4850fc051569976c1bf36671526bbb7c925ccf08b1413
  4411eb75a4fb6a1bd46b705582ade11206b1ba5e5a4e4f040662d6a556f73372
  a93e5946199c03c705768fa2f40982146785c8ab6761c91608911e50528410a2
  d356a4c7c9b72ee6109c2125aa95a094125d1410b83f9a2ad90b315aa0a31aec
  52117a64d8b12c702248ae2a44135a8cd95b36a58a72cfd55d6df850dd170705
  d06a46638497318dd3baad784530bec4c1a46c44e4ec5b36269b015cbeb915a9
  b10a3091130bac2a91f9ec1d8454a1d24c492e5c6455b3309d150c666b628bf6
  6a4a6085d628b9f982ce6012a829b0ca0b33b43b182c34a402e62397e05a68f7
  b69eb2690dc8972dc1457f52d7bb12a7bc3a117141c9ba4efcb625c88c21420a
  de5564237439e1f8b2fb21af4281976ac8cda24860f9c84e4450a6fc69ce2b90
  163be590d7d8c5ca7c713ef2a9baf55921565b27a22ff6a3103113587a4871d5
  a5b63437c71bb5279f727f04a13ca1e155b2909192b97e8ef418a396cda2e04a
  85d579df696d121c91dcb4c9f27b4cb70739b7fa73d34500e983c2d5da45a325
  c9f28771946a2b1179299e3851490c2b0371a277f87094bc3a1cf3639ab29562
  c18a767053638c927ee53ea609a7ff4687afc0890f0bb507835a71ab230dd03b
  02f2a1b1478f33388dea1331c21076af893da20a45406a958c1531651a79aca3
  92e9b5290447611306a31ec94c255566e09521c4d52a8be985834a28a30652a2
  31314d9b5fdb5743e31544b7dc6a4888a4ced9b2dfd3b489e44ca9e897bbe626
  cf5c7cd962ca115b33cc0cb973b3955cd26c3d177613ba46d70099e2ebbeccb7
  9a9640b7fe211397cc79f8d9c7b8f6be36639290477f6b4c3bc5636fde4b8c69
  a3901d7bca81156807da304b61881e711a65f57517595b56723681128ea5bc4a
  78f4530f8039d5d974a9091412584657d724fca8abb278002fc29b9008a364c6
  690e6836df027ce7cc0bd1881038181f45fc83bf1842aa712dd464b6b4e2bc82
  9702f1c0a81ea391a5d983eb09c0d63399149886ed608cda245fe245160a3941
  c33517367227be4807dddb6288b43264d30ee268c94ab753158aa183c566f465
  4381674a36153fad8cac8c01cb5d89b6c54260c51441b7c0145db288b4e90a41
  e709f5584e64c665baba77c551307a005a68a3ab83d32fb253a132e70b023b53
  7dc79e605b7efa90471a9a00888132382a737ac64bc050ad0b3caca83458bbf5
  2dda6a1d976ca2acd59e9a261486f6b912549e850147f64085c3d793ae0425df
  79677bda3239114d6f48147e25959bd0bee7f59a5846c36213cf82276d7d8911
  aded66fc90d84dbe7438859382ea03632a58a37cb82c4222b41fdc395106558e
  e58b9e67569027a0f4a1e5f07e96e6af2280065ee55367442d50ae79c1ff89e0
  7244a29ab856b06aa36debc747b42b016732a6642fc91657e21cb302fb257850
--------------------------------------------------
[2415995000] BAT DAU CHAY: ENCAPSULATION (Dong goi KEM)    
[2978735000] THANH CONG: HOAN THANH!
               ENCAPS CIPHERTEXT (1568 bytes):
  efa66a0002000000000000ff0700000200800004000001f83f0000000000fc1f
  0000f87f00fe0f8000fc3f00000840000200800000000000080000fe1f80ffff
  ffff0100400002000000040000ff074000feffff00fc3f0001f83f00fe1f8000
  04e0ff00f8ffff010080ffffffffffff7f00021080ff0700000000c0ff010000
  00fc1f00ff0740000000000000e0ffff0fc0ff01008000fc3f0000f83f0000f0
  ff00fc3f00ff07000002000000fcffff0000c0ff030080ff03000000f87f00fe
  0f8000fc3f000008c0ffff0f80ffff1f0001f8ffff010080ff03200000f83f00
  fe0f000004000001f8ffff0100000004200001f83f0002f07f00fc1f0000f87f
  000000000004200000f83f000200800004e0ff01004000000080ff03e0ff0100
  c0ff030080ffff3f0000080000000080000000000000400002f0ffff03200001
  00c0ffff1f0000fc3f000100000000f07f000400000008c0ffff0f80ff07e0ff
  2d7c5400000080ff07000001f8ffff010080ff0320000100c0ffff1f80000400
  00ffff7f00fe0f8000fc3f00ff0f0000fe1f0000fc3f0001f87f000210800000
  000000f87f00021080ff07000001080000001080ff07000001004000feffff00
  fc1f000000c0ffffff7f00fc1f0000f83f0000f0ff00fcffffff074000feff7f
  0004e0ff0100400002000000040000ff0f00000210800004200001f83f000210
  80ff032000ffff3f0000f0ff00002000ff0f000002108000fc1f0000f83f0000
  000000fcffff0008c0ffffff7f00042000ff0740000010800000e0ff00000000
  fe0f00000400000000000002f0ff000400000100400000100000fc1f00ff0740
  00001080ff0720000000c0ffffff7f00042000ff0f40000010000004e0ff0108
  c0ff01100000fc3f000008000002008000fc1f000100400000008000fcffff00
  004000001000000020000108000000f0ffff07e0ff00f83f00fe0f80ffffffff
  43bf6300020080ff07e0ffff0fc0ffffffff000420000008c0ff011080000420
  0001004000021080ff03e0ff01000000fe1f000000e0ff00f83f00020080ff03
  000001f83f000010000004200000084000020000000400000000c0ff031080ff
  ff1f0001000000000080ff072000ff0f0000020080ff070000ff07400002f0ff
  ff032000ffffffffff0f80ff032000ff0fc0ff01f07f00000000ff0fc0ff0110
  80ff03e0ff0100c0ffffffff00fc1f00ff0fc0ffff0f80ff07200001084000fe
  ffffff07e0ff0100c0ff030080ff07e0ff0008c0ff03f0ff0004000000004000
  001080ff03e0ff0000c0ff0100000004e0ffff07000000f0ff00fcffff0000c0
  ff03f0ffff0320000100c0ff010080ff03200001000000fe1f8000040000ff0f
  40000010800000200001f87f000010800004e0ff00f8ffff03108000000000ff
  07400000100000fc1f000108400000000000fcffffffffffff0100800000e0ff
  de2e1e00fe1f8000fc1f00ffff3f00fe0f00000400000008c0ff010080000020
  00ff074000001080ffff3f000100c0ff01000000fcffff00f8ffff0110000004
  000001f83f0000f07f00fc3f0000f8ffff0310800000200000000000feffffff
  032000ffff3f00feffff00000000ff0fc0ff0310800000e0ff00080000fe0f80
  ff03200001f83f000000000000e0ffffff7f00fe1f80ff07e0ff01f87f0000f0
  7f00040000ff07c0ffff0f8000fcffff00f83f0000f07f0000200000000000fe
  ff7f0004200000f83f00feff7f00fcffffffffffff010080000020000100c0ff
  01f07f0004000000004000fe1f80000020000100400000100000fc1f00ffffff
  ff01100000040000ff070000fe0f8000fc3f0000f8ffff03f0ff00042000ffff
  7f0002f0ff00fc3f00ffff3f00000080ffff1f0000004000fe0f80ff03200000
  00c0ff01100000fc3f000100000002f0ffff070000ff07400000f0ffff03e0ff
  9c40080184100208200000420821040000002004104200000010420021001002
  0020001000002104004200000010400801840040082004000008008400420820
  0010000001040002002180000000018010420820001040082100104208218400
  0208008400000000001040002004104000018410400821840002000000100000
  0004100000210400020801800042002080100000000400020000000040002100
            ENCAPS SHARED SECRET (32 bytes):
  f9a1fb0f1acca275bf713879cd85a2dfa792a2656d861ead9fb1878f12ab831a
--------------------------------------------------
[2978885000] BAT DAU CHAY: DECAPSULATION (Giai ma KEM)     
[3741205000] THANH CONG: HOAN THANH!
            DECAPS SHARED SECRET (32 bytes):
  f9a1fb0f1acca275bf713879cd85a2dfa792a2656d861ead9fb1878f12ab831a
==================================================

--------------------------------------------------
[3741355000] MO PHONG HOAN TAT THANH CONG
- sim/tb_kyber_top.v:407: Verilog $finish
- S i m u l a t i o n   R e p o r t: Verilator 5.048 2026-04-26
- Verilator: $finish at 4ms; walltime 1.251 s; speed 2.991 ms/s
- Verilator: cpu 1.251 s on 1 threads; allocated 7 MB
