%Warning: D:/CRYSTALS-Kyber/test_3/ip/zeta_values.mem:0: $readmem file not found
%Warning: D:/CRYSTALS-Kyber/test_3/ip/zeta_values_pwma.mem:0: $readmem file not found

==================================================
MODE:                   Kyber512 (k=2)
INPUT DUMMY SEED (64 bytes): 2f07cd8f75bdfb1634842bfe259ad29c77b883658dc66cbadd252d93a3ebabf1a2b8d27bd63ff86d54c5e1e2f1294ca3142e047c0460b010e9d638825902efdd
--------------------------------------------------
[245000] BAT DAU CHAY: KEYGEN (Tao Khoa)               
[163255000] THANH CONG: HOAN THANH!
[DEBUG] tb_ram[SK_BASE_WORD + sk_bytes - 1] = dd
[DEBUG] expected sk_bytes =        1632
                       KEYGEN PK (800 bytes):
  5fc14176797344521f95a74a2611c739e3ac814c88e1663257b69e066c19da35
  5d58a02bb460089e1747eb32445c688df7e1914827083d304be8009344452289
  7127c48819a39c5f3233001390c0655aba04f05ba89a9a06114557f1b51804b9
  f3c24ac541b343c977f3769ff2829caaf796b8146eed91c017d359b88387e0e4
  49c3565b0e03254325b566e436fa9045d8b477e7340617b18af19b813b34ba37
  58a2dcfa0fe6c1207f8828e45b8176785749a38b1296a1c468c81eec59681584
  644b62b3465e82d14d47d64c832c5f9de956518b42b5a03cc5d8a4af80555843
  0697829cd36788a468960f92327d7767a9aa115bcb01fb23cd1738b48bf81c7d
  82ce9a1111b13304d97c8370ac92b1f5a64c1a7fb9c707d7059b2948172673ce
  e7151723fb9f2870c58fc685ba9a7001b7b61bf78868e765db2a1fb464c95eb8
  477016aa08a79ba7605f06cc458f842ffe843da6b25195509e2457391870c81a
  6a4d1ddc32afa405874533f5232ee6249326b06f0bd93ae541a34c239bd0b211
  f54c7d9b3528e0b3b2ab400e88f495d1e305cd331bbda1c6f9fa28627044a0e1
  caeb8c1e2503af43b31dd5f3501f43028389984919189d690eb6b7517b7228b9
  2186797b4413b02c836c77e3926f0b1cb34ab7363c787540238361399dcfbba7
  fef7331de906ed95995f6c3df899c880e700412713cdc212b0621ae4e897aab0
  6c0dc769da68c6156566db769554fb3fcdbb116f797ee150abdd714e6156b121
  34696beb831139bf6f264869f67ad8797b88a80b185421c01298cb1a61785605
  447201ad4c21ce0bd05d67062c9a23eff2459e903b0dc981747454f4149c6a9c
  3177693425f430d9e189ac0a2a0c715211ab878eec469678c602e9ab79c09b25
  428fadaa2783cc2a223c13d59b5592235be27412d5fcbf3d5a5a681503b8f759
  bbb7980d8140c034591839c8870b014c0405979942a6294eb5845da0909b751b
  2053c68d17e3c8a27c4a6c40c8fc0a8fc0fa8e78c57ab959aaba527c6d26a30a
  19028f88042ed73a1744ba661c478a5b61cb6a979cc91233e49e72d2a3ed8c21
  9a329ac7cf1a5f3583e86560cdcdbedcf51e09ce6cc2b2850deb5f2a0e7a3424
                       KEYGEN SK (1632 bytes):
  0110000110000110000110000110000110000110000110000110000110000110
  0001100001100001100001100001100001100001100001100001100001100001
  1000011000011000011000011000011000011000011000011000011000011000
  0110000110000110000110000110000110000110000110000110000110000110
  0001100001100001100001100001100001100001100001100001100001100001
  1000011000011000011000011000011000011000011000011000011000011000
  0110000110000110000110000110000110000110000110000110000110000110
  0001100001100001100001100001100001100001100001100001100001100001
  1000011000011000011000011000011000011000011000011000011000011000
  0110000110000110000110000110000110000110000110000110000110000110
  0001100001100001100001100001100001100001100001100001100001100001
  1000011000011000011000011000011000011000011000011000011000011000
  ff1c00ff1c00ff1c00ff1c00ff1c00ff1c00ff1c00ff1c00ff1c00ff1c00ff1c
  00ff1c00ff1c00ff1c00ff1c00ff1c00ff1c00ff1c00ff1c00ff1c00ff1c00ff
  1c00ff1c00ff1c00ff1c00ff1c00ff1c00ff1c00ff1c00ff1c00ff1c00ff1c00
  ff1c00ff1c00ff1c00ff1c00ff1c00ff1c00ff1c00ff1c00ff1c00ff1c00ff1c
  00ff1c00ff1c00ff1c00ff1c00ff1c00ff1c00ff1c00ff1c00ff1c00ff1c00ff
  1c00ff1c00ff1c00ff1c00ff1c00ff1c00ff1c00ff1c00ff1c00ff1c00ff1c00
  ff1c00ff1c00ff1c00ff1c00ff1c00ff1c00ff1c00ff1c00ff1c00ff1c00ff1c
  00ff1c00ff1c00ff1c00ff1c00ff1c00ff1c00ff1c00ff1c00ff1c00ff1c00ff
  1c00ff1c00ff1c00ff1c00ff1c00ff1c00ff1c00ff1c00ff1c00ff1c00ff1c00
  ff1c00ff1c00ff1c00ff1c00ff1c00ff1c00ff1c00ff1c00ff1c00ff1c00ff1c
  00ff1c00ff1c00ff1c00ff1c00ff1c00ff1c00ff1c00ff1c00ff1c00ff1c00ff
  1c00ff1c00ff1c00ff1c00ff1c00ff1c00ff1c00ff1c00ff1c00ff1c00ff1c00
  5fc14176797344521f95a74a2611c739e3ac814c88e1663257b69e066c19da35
  5d58a02bb460089e1747eb32445c688df7e1914827083d304be8009344452289
  7127c48819a39c5f3233001390c0655aba04f05ba89a9a06114557f1b51804b9
  f3c24ac541b343c977f3769ff2829caaf796b8146eed91c017d359b88387e0e4
  49c3565b0e03254325b566e436fa9045d8b477e7340617b18af19b813b34ba37
  58a2dcfa0fe6c1207f8828e45b8176785749a38b1296a1c468c81eec59681584
  644b62b3465e82d14d47d64c832c5f9de956518b42b5a03cc5d8a4af80555843
  0697829cd36788a468960f92327d7767a9aa115bcb01fb23cd1738b48bf81c7d
  82ce9a1111b13304d97c8370ac92b1f5a64c1a7fb9c707d7059b2948172673ce
  e7151723fb9f2870c58fc685ba9a7001b7b61bf78868e765db2a1fb464c95eb8
  477016aa08a79ba7605f06cc458f842ffe843da6b25195509e2457391870c81a
  6a4d1ddc32afa405874533f5232ee6249326b06f0bd93ae541a34c239bd0b211
  f54c7d9b3528e0b3b2ab400e88f495d1e305cd331bbda1c6f9fa28627044a0e1
  caeb8c1e2503af43b31dd5f3501f43028389984919189d690eb6b7517b7228b9
  2186797b4413b02c836c77e3926f0b1cb34ab7363c787540238361399dcfbba7
  fef7331de906ed95995f6c3df899c880e700412713cdc212b0621ae4e897aab0
  6c0dc769da68c6156566db769554fb3fcdbb116f797ee150abdd714e6156b121
  34696beb831139bf6f264869f67ad8797b88a80b185421c01298cb1a61785605
  447201ad4c21ce0bd05d67062c9a23eff2459e903b0dc981747454f4149c6a9c
  3177693425f430d9e189ac0a2a0c715211ab878eec469678c602e9ab79c09b25
  428fadaa2783cc2a223c13d59b5592235be27412d5fcbf3d5a5a681503b8f759
  bbb7980d8140c034591839c8870b014c0405979942a6294eb5845da0909b751b
  2053c68d17e3c8a27c4a6c40c8fc0a8fc0fa8e78c57ab959aaba527c6d26a30a
  19028f88042ed73a1744ba661c478a5b61cb6a979cc91233e49e72d2a3ed8c21
  9a329ac7cf1a5f3583e86560cdcdbedcf51e09ce6cc2b2850deb5f2a0e7a3424
  63e72511a4f390b7c841d5f75afb01ebd0336a03a05d4e2e7d7bc50d374f5b35
  a2b8d27bd63ff86d54c5e1e2f1294ca3142e047c0460b010e9d638825902efdd
--------------------------------------------------
[163405000] BAT DAU CHAY: ENCAPSULATION (Dong goi KEM)    
[410655000] THANH CONG: HOAN THANH!
               ENCAPS CIPHERTEXT (768 bytes):
  5be90a0000000000000000000000000004000000000400000000000000000000
  000000000000000000fc0f0000000010c0ff0000f03f00000000000000000000
  00000000400001000000000000f03f0000000000000000004000000000000000
  000040000000000000000000000000000000000000004000ff03000000000000
  c0ff0000100000000010000000000000000000000000ff0300000000fc0f0000
  0000000000000000c0ff00000000000000000000010000000000000000000000
  0000000000000000000000000000fc0f000000001000000000000000ff03f03f
  00000400400000fc0f0000000000000000000000000000000000000000000000
  0000000001000000000004000000000000000000fc0f00000000000000000000
  000001fc0f000000000000000000000000000000c0ff00000000000000f03f00
  919c0e00000000000000000000000000000000000000f0ffff00000000000000
  000000000000000000000000000000004000000000000000fc0f000000000000
  0000000000000000000000000000000000fc0f00000000000000000000000000
  000000000000000000000000000001000000000004f03f000000000000000000
  0000000000000000000000000000100000000000000000000000000000000000
  0004000000ff03000000000000c0ff0000000000000000000000000000000000
  004000000000000000000000000000000000000000000000000000000000f03f
  000000000000000000000000000000000000004000ff03f03f00000000000000
  000000000000000000000000000000000000000004f03f000000000000000000
  0000000000000000fc0f0000000000000000fc0f000000000000000000000000
  d988800088080000088800888888008008088808088888808880888880080800
  0008880000080080888080008088888808088000808008808000088800880880
  8808880800808880880000800808800808880080800800880088800880808880
  0888088808088000088880008800088088008080888080888880808008008888
            ENCAPS SHARED SECRET (32 bytes):
  b2ee20cddc862fce350dc034175b70d5a4e19e04827af74aaddbb956e3d12a69
--------------------------------------------------
[410805000] BAT DAU CHAY: DECAPSULATION (Giai ma KEM)     
[771225000] THANH CONG: HOAN THANH!
            DECAPS SHARED SECRET (32 bytes):
  b2ee20cddc862fce350dc034175b70d5a4e19e04827af74aaddbb956e3d12a69
==================================================

--------------------------------------------------
[771375000] MO PHONG HOAN TAT THANH CONG
- sim/tb_kyber_top.v:441: Verilog $finish
- S i m u l a t i o n   R e p o r t: Verilator 5.048 2026-04-26
- Verilator: $finish at 771us; walltime 0.396 s; speed 1.949 ms/s
- Verilator: cpu 0.396 s on 1 threads; allocated 7 MB
